<?xml version="1.0" encoding="UTF-8"?>
<!-- Generated by org.testng.reporters.JUnitReportReporter -->
<testsuite hostname="LAPTOP-D4IA0L6A" failures="0" tests="3" name="types_of_execution.Demo1Test" time="0.021" errors="0" timestamp="2026-02-27T00:09:18 IST" skipped="0">
  <testcase classname="types_of_execution.Demo1Test" name="case1" time="0.016"/>
  <testcase classname="types_of_execution.Demo1Test" name="case11" time="0.002"/>
  <testcase classname="types_of_execution.Demo1Test" name="case111" time="0.003"/>
</testsuite> <!-- types_of_execution.Demo1Test -->
