<?xml version="1.0" encoding="UTF-8"?>
<!-- Generated by org.testng.reporters.JUnitReportReporter -->
<testsuite hostname="LAPTOP-D4IA0L6A" failures="0" tests="3" name="testNG.CrossBrowserTesting" time="0.000" errors="3" timestamp="2026-03-01T06:45:53 IST" skipped="0">
  <testcase classname="testNG.CrossBrowserTesting" name="CBT" time="0.000">
    <error message="
Cannot inject @Test annotated Method [CBT] with [class java.lang.String].
For more information on native dependency injection please refer to https://testng.org/#_dependency_injection" type="org.testng.TestNGException">
      <![CDATA[org.testng.TestNGException: 
Cannot inject @Test annotated Method [CBT] with [class java.lang.String].
For more information on native dependency injection please refer to https://testng.org/#_dependency_injection
at org.testng.internal.Parameters.checkParameterTypes(Parameters.java:442)
at org.testng.internal.Parameters.createParametersForMethod(Parameters.java:347)
at org.testng.internal.Parameters.createParameters(Parameters.java:699)
at org.testng.internal.Parameters.handleParameters(Parameters.java:885)
at org.testng.internal.Parameters.handleParameters(Parameters.java:734)
at org.testng.internal.invokers.ParameterHandler.handleParameters(ParameterHandler.java:72)
at org.testng.internal.invokers.ParameterHandler.createParameters(ParameterHandler.java:51)
at org.testng.internal.invokers.TestInvoker$MethodInvocationAgent.invoke(TestInvoker.java:949)
at org.testng.internal.invokers.TestInvoker.invokeTestMethods(TestInvoker.java:203)
at org.testng.internal.invokers.TestMethodWorker.invokeTestMethods(TestMethodWorker.java:154)
at org.testng.internal.invokers.TestMethodWorker.run(TestMethodWorker.java:134)
at java.base/java.util.ArrayList.forEach(ArrayList.java:1597)
at org.testng.TestRunner.privateRun(TestRunner.java:741)
at org.testng.TestRunner.run(TestRunner.java:616)
at org.testng.SuiteRunner.runTest(SuiteRunner.java:421)
at org.testng.SuiteRunner$SuiteWorker.run(SuiteRunner.java:463)
at org.testng.internal.thread.ThreadUtil.lambda$execute$0(ThreadUtil.java:64)
at java.base/java.util.concurrent.FutureTask.run(FutureTask.java:317)
at java.base/java.util.concurrent.ThreadPoolExecutor.runWorker(ThreadPoolExecutor.java:1144)
at java.base/java.util.concurrent.ThreadPoolExecutor$Worker.run(ThreadPoolExecutor.java:642)
at java.base/java.lang.Thread.run(Thread.java:1575)
]]>
    </error>
  </testcase> <!-- CBT -->
  <testcase classname="testNG.CrossBrowserTesting" name="CBT" time="0.000">
    <error message="
Cannot inject @Test annotated Method [CBT] with [class java.lang.String].
For more information on native dependency injection please refer to https://testng.org/#_dependency_injection" type="org.testng.TestNGException">
      <![CDATA[org.testng.TestNGException: 
Cannot inject @Test annotated Method [CBT] with [class java.lang.String].
For more information on native dependency injection please refer to https://testng.org/#_dependency_injection
at org.testng.internal.Parameters.checkParameterTypes(Parameters.java:442)
at org.testng.internal.Parameters.createParametersForMethod(Parameters.java:347)
at org.testng.internal.Parameters.createParameters(Parameters.java:699)
at org.testng.internal.Parameters.handleParameters(Parameters.java:885)
at org.testng.internal.Parameters.handleParameters(Parameters.java:734)
at org.testng.internal.invokers.ParameterHandler.handleParameters(ParameterHandler.java:72)
at org.testng.internal.invokers.ParameterHandler.createParameters(ParameterHandler.java:51)
at org.testng.internal.invokers.TestInvoker$MethodInvocationAgent.invoke(TestInvoker.java:949)
at org.testng.internal.invokers.TestInvoker.invokeTestMethods(TestInvoker.java:203)
at org.testng.internal.invokers.TestMethodWorker.invokeTestMethods(TestMethodWorker.java:154)
at org.testng.internal.invokers.TestMethodWorker.run(TestMethodWorker.java:134)
at java.base/java.util.ArrayList.forEach(ArrayList.java:1597)
at org.testng.TestRunner.privateRun(TestRunner.java:741)
at org.testng.TestRunner.run(TestRunner.java:616)
at org.testng.SuiteRunner.runTest(SuiteRunner.java:421)
at org.testng.SuiteRunner$SuiteWorker.run(SuiteRunner.java:463)
at org.testng.internal.thread.ThreadUtil.lambda$execute$0(ThreadUtil.java:64)
at java.base/java.util.concurrent.FutureTask.run(FutureTask.java:317)
at java.base/java.util.concurrent.ThreadPoolExecutor.runWorker(ThreadPoolExecutor.java:1144)
at java.base/java.util.concurrent.ThreadPoolExecutor$Worker.run(ThreadPoolExecutor.java:642)
at java.base/java.lang.Thread.run(Thread.java:1575)
]]>
    </error>
  </testcase> <!-- CBT -->
  <testcase classname="testNG.CrossBrowserTesting" name="CBT" time="0.000">
    <error message="
Cannot inject @Test annotated Method [CBT] with [class java.lang.String].
For more information on native dependency injection please refer to https://testng.org/#_dependency_injection" type="org.testng.TestNGException">
      <![CDATA[org.testng.TestNGException: 
Cannot inject @Test annotated Method [CBT] with [class java.lang.String].
For more information on native dependency injection please refer to https://testng.org/#_dependency_injection
at org.testng.internal.Parameters.checkParameterTypes(Parameters.java:442)
at org.testng.internal.Parameters.createParametersForMethod(Parameters.java:347)
at org.testng.internal.Parameters.createParameters(Parameters.java:699)
at org.testng.internal.Parameters.handleParameters(Parameters.java:885)
at org.testng.internal.Parameters.handleParameters(Parameters.java:734)
at org.testng.internal.invokers.ParameterHandler.handleParameters(ParameterHandler.java:72)
at org.testng.internal.invokers.ParameterHandler.createParameters(ParameterHandler.java:51)
at org.testng.internal.invokers.TestInvoker$MethodInvocationAgent.invoke(TestInvoker.java:949)
at org.testng.internal.invokers.TestInvoker.invokeTestMethods(TestInvoker.java:203)
at org.testng.internal.invokers.TestMethodWorker.invokeTestMethods(TestMethodWorker.java:154)
at org.testng.internal.invokers.TestMethodWorker.run(TestMethodWorker.java:134)
at java.base/java.util.ArrayList.forEach(ArrayList.java:1597)
at org.testng.TestRunner.privateRun(TestRunner.java:741)
at org.testng.TestRunner.run(TestRunner.java:616)
at org.testng.SuiteRunner.runTest(SuiteRunner.java:421)
at org.testng.SuiteRunner$SuiteWorker.run(SuiteRunner.java:463)
at org.testng.internal.thread.ThreadUtil.lambda$execute$0(ThreadUtil.java:64)
at java.base/java.util.concurrent.FutureTask.run(FutureTask.java:317)
at java.base/java.util.concurrent.ThreadPoolExecutor.runWorker(ThreadPoolExecutor.java:1144)
at java.base/java.util.concurrent.ThreadPoolExecutor$Worker.run(ThreadPoolExecutor.java:642)
at java.base/java.lang.Thread.run(Thread.java:1575)
]]>
    </error>
  </testcase> <!-- CBT -->
</testsuite> <!-- testNG.CrossBrowserTesting -->
