<?xml version="1.0" encoding="UTF-8"?>
<!-- Generated by org.testng.reporters.JUnitReportReporter -->
<testsuite hostname="LAPTOP-D4IA0L6A" failures="0" tests="3" name="types_of_execution.Demo3Test" time="0.008" errors="0" timestamp="2026-02-27T00:09:18 IST" skipped="0">
  <testcase classname="types_of_execution.Demo3Test" name="case3" time="0.002"/>
  <testcase classname="types_of_execution.Demo3Test" name="case333" time="0.003"/>
  <testcase classname="types_of_execution.Demo3Test" name="case33" time="0.003"/>
</testsuite> <!-- types_of_execution.Demo3Test -->
