<?xml version="1.0" encoding="UTF-8"?>
<!-- Generated by org.testng.reporters.JUnitReportReporter -->
<testsuite hostname="LAPTOP-D4IA0L6A" failures="0" tests="3" name="types_of_execution.Demo6Test" time="0.014" errors="0" timestamp="2026-02-28T21:42:20 IST" skipped="0">
  <testcase classname="types_of_execution.Demo6Test" name="case666" time="0.002"/>
  <testcase classname="types_of_execution.Demo6Test" name="case6" time="0.011"/>
  <testcase classname="types_of_execution.Demo6Test" name="case66" time="0.001"/>
</testsuite> <!-- types_of_execution.Demo6Test -->
