<?xml version="1.0" encoding="UTF-8"?>
<!-- Generated by org.testng.reporters.JUnitXMLReporter -->
<testsuite ignored="0" hostname="LAPTOP-D4IA0L6A" failures="0" tests="9" name="Test" time="0.131" errors="0" timestamp="2026-02-27T00:09:18 IST">
  <testcase classname="types_of_execution.Demo1Test" name="case1" time="0.016"/>
  <testcase classname="types_of_execution.Demo1Test" name="case11" time="0.002"/>
  <testcase classname="types_of_execution.Demo1Test" name="case111" time="0.003"/>
  <testcase classname="types_of_execution.Demo2Test" name="case2" time="0.002"/>
  <testcase classname="types_of_execution.Demo2Test" name="case22" time="0.002"/>
  <testcase classname="types_of_execution.Demo2Test" name="case222" time="0.003"/>
  <testcase classname="types_of_execution.Demo3Test" name="case3" time="0.002"/>
  <testcase classname="types_of_execution.Demo3Test" name="case33" time="0.003"/>
  <testcase classname="types_of_execution.Demo3Test" name="case333" time="0.003"/>
</testsuite> <!-- Test -->
